#
# A fatal error has been detected by the Java Runtime Environment:
#
#  EXCEPTION_ACCESS_VIOLATION (0xc0000005) at pc=0x000000005078fc26, pid=14304, tid=12216
#
# JRE version: Java(TM) SE Runtime Environment (9.0+11) (build 9.0.4+11)
# Java VM: Java HotSpot(TM) 64-Bit Server VM (9.0.4+11, mixed mode, tiered, compressed oops, g1 gc, windows-amd64)
# Problematic frame:
# V  [jvm.dll+0x5ffc26]
#
# No core dump will be written. Minidumps are not enabled by default on client versions of Windows
#
# If you would like to submit a bug report, please visit:
#   http://bugreport.java.com/bugreport/crash.jsp
#

---------------  S U M M A R Y ------------

Command Line: -agentlib:jdwp=transport=dt_socket,address=127.0.0.1:50887,suspend=y,server=n -javaagent:C:\Users\Steffi\.IdeaIC2017.3\system\captureAgent\debugger-agent.jar=C:\Users\Steffi\AppData\Local\Temp\capture113.props -Dfile.encoding=UTF-8 de.uniwue.jpp.fractions.Parser

Host: Intel(R) Core(TM) i7-4710HQ CPU @ 2.50GHz, 8 cores, 7G,  Windows 10 , 64 bit Build 16299 (10.0.16299.15)
Time: Sat Feb 17 21:24:30 2018 Mitteleuropäische Zeit elapsed time: 1348 seconds (0d 0h 22m 28s)

---------------  T H R E A D  ---------------

Current thread (0x000002b4792e4800):  VMThread "VM Thread" [stack: 0x000000d3e0900000,0x000000d3e0a00000] [id=12216]

Stack: [0x000000d3e0900000,0x000000d3e0a00000],  sp=0x000000d3e09fed90,  free space=1019k
Native frames: (J=compiled Java code, j=interpreted, Vv=VM code, C=native code)
V  [jvm.dll+0x5ffc26]
V  [jvm.dll+0x2f40d3]
V  [jvm.dll+0x2f6073]
V  [jvm.dll+0x2f666e]
V  [jvm.dll+0x2f3e55]
V  [jvm.dll+0x2f3293]
V  [jvm.dll+0x5784ff]
V  [jvm.dll+0x57880c]
V  [jvm.dll+0x5786b3]
V  [jvm.dll+0x578eac]
V  [jvm.dll+0x5470aa]
V  [jvm.dll+0x465311]
V  [jvm.dll+0x6a366b]
V  [jvm.dll+0x6a1e05]
V  [jvm.dll+0x6a25e1]
V  [jvm.dll+0x6a28cc]
V  [jvm.dll+0x586490]
C  [msvcr120.dll+0x24f7f]
C  [msvcr120.dll+0x25126]
C  [KERNEL32.DLL+0x11fe4]
C  [ntdll.dll+0x6efc1]


siginfo: EXCEPTION_ACCESS_VIOLATION (0xc0000005), reading address 0x0000000000000006


Register to memory mapping:

RIP=0x000000005078fc26 jvm.dll
RAX=0x0000000000000000 is an unknown value
RBX=0x0000000000000000 is an unknown value
RCX=0x000000d3e09fedf0 is an unknown value
RDX=0x0000000000000000 is an unknown value
RSP=0x000000d3e09fed90 is an unknown value
RBP=0x000000d3e09ff310 is an unknown value
RSI=0x0000000000000000 is an unknown value
RDI=0x000000d3e09ff4a0 is an unknown value
R8 =0x0000000000000000 is an unknown value
R9 =0x000002b478e2e290 is pointing into metadata
R10=0x000002b4796f08f8 is an unknown value
R11=0x000000d3e09ff4a0 is an unknown value
R12=0x000000d3e09ff601 is an unknown value
R13=0x0000000000000000 is an unknown value
R14=0x0000000000000015 is an unknown value
R15=0x0000000000000348 is an unknown value


Registers:
RAX=0x0000000000000000, RBX=0x0000000000000000, RCX=0x000000d3e09fedf0, RDX=0x0000000000000000
RSP=0x000000d3e09fed90, RBP=0x000000d3e09ff310, RSI=0x0000000000000000, RDI=0x000000d3e09ff4a0
R8 =0x0000000000000000, R9 =0x000002b478e2e290, R10=0x000002b4796f08f8, R11=0x000000d3e09ff4a0
R12=0x000000d3e09ff601, R13=0x0000000000000000, R14=0x0000000000000015, R15=0x0000000000000348
RIP=0x000000005078fc26, EFLAGS=0x0000000000010206

Top of Stack: (sp=0x000000d3e09fed90)
0x000000d3e09fed90:   000000d3e09fedf0 00000000507900e6
0x000000d3e09feda0:   0000000000000000 0000000000000000
0x000000d3e09fedb0:   0000000000000000 00000000504840d3
0x000000d3e09fedc0:   0000000000000000 000000d3e09ff4a0
0x000000d3e09fedd0:   000000d3e09fee30 0000000000000000
0x000000d3e09fede0:   0000000000000000 0000000000000000
0x000000d3e09fedf0:   000000005092ca20 0000000000000000
0x000000d3e09fee00:   0000000000000000 000000d30000000a
0x000000d3e09fee10:   000000d3e09fee20 0000000000000000
0x000000d3e09fee20:   000000002fffffff 000000005078fa08
0x000000d3e09fee30:   2fffffff4fffffff 000002b4791e7c10
0x000000d3e09fee40:   0000000000000003 0000000000000005
0x000000d3e09fee50:   000000d3e09fee70 0000000000000002
0x000000d3e09fee60:   000000002fffffff 000000d3e09ff540
0x000000d3e09fee70:   2fffffff4fffffff 0000000000000000
0x000000d3e09fee80:   0000000000000000 000000005078fa08 

Instructions: (pc=0x000000005078fc26)
0x000000005078fc06:   5f 00 cd fb 5f 00 cc cc cc cc 40 53 48 83 ec 20
0x000000005078fc16:   48 8b 41 08 c7 41 10 00 00 00 00 48 89 7c 24 38
0x000000005078fc26:   80 78 06 28 48 8b d9 74 22 41 b9 28 00 00 00 4c
0x000000005078fc36:   8d 05 64 1d 1e 00 48 8d 0d 6d 1d 1e 00 41 8d 51 


VM_Operation (0x000000d3e15fefe0): GetOrSetLocal, mode: safepoint, requested by thread 0x000002b4797c7000


---------------  P R O C E S S  ---------------

Java Threads: ( => current thread )
  0x000002b47980e800 JavaThread "Service Thread" daemon [_thread_blocked, id=12616, stack(0x000000d3e1800000,0x000000d3e1900000)]
  0x000002b4797ba000 JavaThread "JDWP Command Reader" daemon [_thread_in_native, id=19936, stack(0x000000d3e1700000,0x000000d3e1800000)]
  0x000002b4797b9000 JavaThread "JDWP Event Helper Thread" daemon [_thread_blocked, id=10216, stack(0x000000d3e1600000,0x000000d3e1700000)]
  0x000002b4797c7000 JavaThread "JDWP Transport Listener: dt_socket" daemon [_thread_blocked, id=1892, stack(0x000000d3e1500000,0x000000d3e1600000)]
  0x000002b4793db800 JavaThread "Common-Cleaner" daemon [_thread_blocked, id=11860, stack(0x000000d3e1400000,0x000000d3e1500000)]
  0x000002b479381000 JavaThread "Sweeper thread" daemon [_thread_blocked, id=7692, stack(0x000000d3e1300000,0x000000d3e1400000)]
  0x000002b479368800 JavaThread "C1 CompilerThread3" daemon [_thread_blocked, id=19560, stack(0x000000d3e1200000,0x000000d3e1300000)]
  0x000002b47935c800 JavaThread "C2 CompilerThread2" daemon [_thread_blocked, id=19636, stack(0x000000d3e1100000,0x000000d3e1200000)]
  0x000002b479359800 JavaThread "C2 CompilerThread1" daemon [_thread_blocked, id=15976, stack(0x000000d3e1000000,0x000000d3e1100000)]
  0x000002b479358000 JavaThread "C2 CompilerThread0" daemon [_thread_blocked, id=13552, stack(0x000000d3e0f00000,0x000000d3e1000000)]
  0x000002b479353000 JavaThread "Attach Listener" daemon [_thread_blocked, id=17872, stack(0x000000d3e0e00000,0x000000d3e0f00000)]
  0x000002b47934a800 JavaThread "Signal Dispatcher" daemon [_thread_blocked, id=15408, stack(0x000000d3e0d00000,0x000000d3e0e00000)]
  0x000002b4792f7000 JavaThread "Finalizer" daemon [_thread_blocked, id=12640, stack(0x000000d3e0b00000,0x000000d3e0c00000)]
  0x000002b4792eb000 JavaThread "Reference Handler" daemon [_thread_blocked, id=16388, stack(0x000000d3e0a00000,0x000000d3e0b00000)]
  0x000002b4556b4800 JavaThread "main" [_thread_blocked, id=7512, stack(0x000000d3df400000,0x000000d3df500000)]

Other Threads:
=>0x000002b4792e4800 VMThread "VM Thread" [stack: 0x000000d3e0900000,0x000000d3e0a00000] [id=12216]
  0x000002b479816800 WatcherThread [stack: 0x000000d3e1900000,0x000000d3e1a00000] [id=15256]
  0x000002b4556cb000 GCTaskThread "GC Thread#0" [stack: 0x000000d3df500000,0x000000d3df600000] [id=13712]
  0x000002b4556cc800 GCTaskThread "GC Thread#1" [stack: 0x000000d3df600000,0x000000d3df700000] [id=18288]
  0x000002b4556cf000 GCTaskThread "GC Thread#2" [stack: 0x000000d3df700000,0x000000d3df800000] [id=12860]
  0x000002b4556d1000 GCTaskThread "GC Thread#3" [stack: 0x000000d3df800000,0x000000d3df900000] [id=19020]
  0x000002b4556d6000 GCTaskThread "GC Thread#4" [stack: 0x000000d3df900000,0x000000d3dfa00000] [id=12972]
  0x000002b4556d9000 GCTaskThread "GC Thread#5" [stack: 0x000000d3dfa00000,0x000000d3dfb00000] [id=21012]
  0x000002b4556db800 GCTaskThread "GC Thread#6" [stack: 0x000000d3dfb00000,0x000000d3dfc00000] [id=24464]
  0x000002b4556e8800 GCTaskThread "GC Thread#7" [stack: 0x000000d3dfc00000,0x000000d3dfd00000] [id=8756]
  0x000002b455736800 ConcurrentGCThread "G1 Main Marker" [stack: 0x000000d3e0600000,0x000000d3e0700000] [id=14532]
  0x000002b4556e9000 ConcurrentGCThread "G1 Marker#0" [stack: 0x000000d3e0700000,0x000000d3e0800000] [id=26308]
  0x000002b4556e6000 ConcurrentGCThread "G1 Marker#1" [stack: 0x000000d3e0800000,0x000000d3e0900000] [id=13752]
  0x000002b455708000 ConcurrentGCThread "G1 Refine#0" [stack: 0x000000d3e0400000,0x000000d3e0500000] [id=11484]
  0x000002b455707000 ConcurrentGCThread "G1 Refine#1" [stack: 0x000000d3e0300000,0x000000d3e0400000] [id=9604]
  0x000002b455703000 ConcurrentGCThread "G1 Refine#2" [stack: 0x000000d3e0200000,0x000000d3e0300000] [id=19584]
  0x000002b455702000 ConcurrentGCThread "G1 Refine#3" [stack: 0x000000d3e0100000,0x000000d3e0200000] [id=15432]
  0x000002b4556f8800 ConcurrentGCThread "G1 Refine#4" [stack: 0x000000d3e0000000,0x000000d3e0100000] [id=3480]
  0x000002b4556f7800 ConcurrentGCThread "G1 Refine#5" [stack: 0x000000d3dff00000,0x000000d3e0000000] [id=26224]
  0x000002b4556f4800 ConcurrentGCThread "G1 Refine#6" [stack: 0x000000d3dfe00000,0x000000d3dff00000] [id=5160]
  0x000002b4556f3800 ConcurrentGCThread "G1 Refine#7" [stack: 0x000000d3dfd00000,0x000000d3dfe00000] [id=3256]
  0x000002b455713000 ConcurrentGCThread "G1 Young RemSet Sampling" [stack: 0x000000d3e0500000,0x000000d3e0600000] [id=3416]

Threads with active compile tasks:

VM state:at safepoint (normal execution)

VM Mutex/Monitor currently owned by a thread:  ([mutex/lock_event])
[0x000002b4556b1750] Threads_lock - owner thread: 0x000002b4792e4800

Heap address: 0x0000000081400000, size: 2028 MB, Compressed Oops mode: 32-bit
Narrow klass base: 0x0000000000000000, Narrow klass shift: 3
Compressed class space size: 1073741824 Address: 0x0000000100000000

Heap:
 garbage-first heap   total 131072K, used 4096K [0x0000000081400000, 0x0000000081500400, 0x0000000100000000)
  region size 1024K, 5 young (5120K), 0 survivors (0K)
 Metaspace       used 5954K, capacity 6100K, committed 6272K, reserved 1056768K
  class space    used 506K, capacity 566K, committed 640K, reserved 1048576K
Heap Regions: E=young(eden), S=young(survivor), O=old, HS=humongous(starts), HC=humongous(continues), CS=collection set, F=free, A=archive, TS=gc time stamp, AC=allocation context, TAMS=top-at-mark-start (previous, next)
|   0|0x0000000081400000, 0x0000000081400000, 0x0000000081500000|  0%| F|  |TS  0|AC  0|TAMS 0x0000000081400000, 0x0000000081400000|
|   1|0x0000000081500000, 0x0000000081500000, 0x0000000081600000|  0%| F|  |TS  0|AC  0|TAMS 0x0000000081500000, 0x0000000081500000|
|   2|0x0000000081600000, 0x0000000081600000, 0x0000000081700000|  0%| F|  |TS  0|AC  0|TAMS 0x0000000081600000, 0x0000000081600000|
|   3|0x0000000081700000, 0x0000000081700000, 0x0000000081800000|  0%| F|  |TS  0|AC  0|TAMS 0x0000000081700000, 0x0000000081700000|
|   4|0x0000000081800000, 0x0000000081800000, 0x0000000081900000|  0%| F|  |TS  0|AC  0|TAMS 0x0000000081800000, 0x0000000081800000|
|   5|0x0000000081900000, 0x0000000081900000, 0x0000000081a00000|  0%| F|  |TS  0|AC  0|TAMS 0x0000000081900000, 0x0000000081900000|
|   6|0x0000000081a00000, 0x0000000081a00000, 0x0000000081b00000|  0%| F|  |TS  0|AC  0|TAMS 0x0000000081a00000, 0x0000000081a00000|
|   7|0x0000000081b00000, 0x0000000081b00000, 0x0000000081c00000|  0%| F|  |TS  0|AC  0|TAMS 0x0000000081b00000, 0x0000000081b00000|
|   8|0x0000000081c00000, 0x0000000081c00000, 0x0000000081d00000|  0%| F|  |TS  0|AC  0|TAMS 0x0000000081c00000, 0x0000000081c00000|
|   9|0x0000000081d00000, 0x0000000081d00000, 0x0000000081e00000|  0%| F|  |TS  0|AC  0|TAMS 0x0000000081d00000, 0x0000000081d00000|
|  10|0x0000000081e00000, 0x0000000081e00000, 0x0000000081f00000|  0%| F|  |TS  0|AC  0|TAMS 0x0000000081e00000, 0x0000000081e00000|
|  11|0x0000000081f00000, 0x0000000081f00000, 0x0000000082000000|  0%| F|  |TS  0|AC  0|TAMS 0x0000000081f00000, 0x0000000081f00000|
|  12|0x0000000082000000, 0x0000000082000000, 0x0000000082100000|  0%| F|  |TS  0|AC  0|TAMS 0x0000000082000000, 0x0000000082000000|
|  13|0x0000000082100000, 0x0000000082100000, 0x0000000082200000|  0%| F|  |TS  0|AC  0|TAMS 0x0000000082100000, 0x0000000082100000|
|  14|0x0000000082200000, 0x0000000082200000, 0x0000000082300000|  0%| F|  |TS  0|AC  0|TAMS 0x0000000082200000, 0x0000000082200000|
|  15|0x0000000082300000, 0x0000000082300000, 0x0000000082400000|  0%| F|  |TS  0|AC  0|TAMS 0x0000000082300000, 0x0000000082300000|
|  16|0x0000000082400000, 0x0000000082400000, 0x0000000082500000|  0%| F|  |TS  0|AC  0|TAMS 0x0000000082400000, 0x0000000082400000|
|  17|0x0000000082500000, 0x0000000082500000, 0x0000000082600000|  0%| F|  |TS  0|AC  0|TAMS 0x0000000082500000, 0x0000000082500000|
|  18|0x0000000082600000, 0x0000000082600000, 0x0000000082700000|  0%| F|  |TS  0|AC  0|TAMS 0x0000000082600000, 0x0000000082600000|
|  19|0x0000000082700000, 0x0000000082700000, 0x0000000082800000|  0%| F|  |TS  0|AC  0|TAMS 0x0000000082700000, 0x0000000082700000|
|  20|0x0000000082800000, 0x0000000082800000, 0x0000000082900000|  0%| F|  |TS  0|AC  0|TAMS 0x0000000082800000, 0x0000000082800000|
|  21|0x0000000082900000, 0x0000000082900000, 0x0000000082a00000|  0%| F|  |TS  0|AC  0|TAMS 0x0000000082900000, 0x0000000082900000|
|  22|0x0000000082a00000, 0x0000000082a00000, 0x0000000082b00000|  0%| F|  |TS  0|AC  0|TAMS 0x0000000082a00000, 0x0000000082a00000|
|  23|0x0000000082b00000, 0x0000000082b00000, 0x0000000082c00000|  0%| F|  |TS  0|AC  0|TAMS 0x0000000082b00000, 0x0000000082b00000|
|  24|0x0000000082c00000, 0x0000000082c00000, 0x0000000082d00000|  0%| F|  |TS  0|AC  0|TAMS 0x0000000082c00000, 0x0000000082c00000|
|  25|0x0000000082d00000, 0x0000000082d00000, 0x0000000082e00000|  0%| F|  |TS  0|AC  0|TAMS 0x0000000082d00000, 0x0000000082d00000|
|  26|0x0000000082e00000, 0x0000000082e00000, 0x0000000082f00000|  0%| F|  |TS  0|AC  0|TAMS 0x0000000082e00000, 0x0000000082e00000|
|  27|0x0000000082f00000, 0x0000000082f00000, 0x0000000083000000|  0%| F|  |TS  0|AC  0|TAMS 0x0000000082f00000, 0x0000000082f00000|
|  28|0x0000000083000000, 0x0000000083000000, 0x0000000083100000|  0%| F|  |TS  0|AC  0|TAMS 0x0000000083000000, 0x0000000083000000|
|  29|0x0000000083100000, 0x0000000083100000, 0x0000000083200000|  0%| F|  |TS  0|AC  0|TAMS 0x0000000083100000, 0x0000000083100000|
|  30|0x0000000083200000, 0x0000000083200000, 0x0000000083300000|  0%| F|  |TS  0|AC  0|TAMS 0x0000000083200000, 0x0000000083200000|
|  31|0x0000000083300000, 0x0000000083300000, 0x0000000083400000|  0%| F|  |TS  0|AC  0|TAMS 0x0000000083300000, 0x0000000083300000|
|  32|0x0000000083400000, 0x0000000083400000, 0x0000000083500000|  0%| F|  |TS  0|AC  0|TAMS 0x0000000083400000, 0x0000000083400000|
|  33|0x0000000083500000, 0x0000000083500000, 0x0000000083600000|  0%| F|  |TS  0|AC  0|TAMS 0x0000000083500000, 0x0000000083500000|
|  34|0x0000000083600000, 0x0000000083600000, 0x0000000083700000|  0%| F|  |TS  0|AC  0|TAMS 0x0000000083600000, 0x0000000083600000|
|  35|0x0000000083700000, 0x0000000083700000, 0x0000000083800000|  0%| F|  |TS  0|AC  0|TAMS 0x0000000083700000, 0x0000000083700000|
|  36|0x0000000083800000, 0x0000000083800000, 0x0000000083900000|  0%| F|  |TS  0|AC  0|TAMS 0x0000000083800000, 0x0000000083800000|
|  37|0x0000000083900000, 0x0000000083900000, 0x0000000083a00000|  0%| F|  |TS  0|AC  0|TAMS 0x0000000083900000, 0x0000000083900000|
|  38|0x0000000083a00000, 0x0000000083a00000, 0x0000000083b00000|  0%| F|  |TS  0|AC  0|TAMS 0x0000000083a00000, 0x0000000083a00000|
|  39|0x0000000083b00000, 0x0000000083b00000, 0x0000000083c00000|  0%| F|  |TS  0|AC  0|TAMS 0x0000000083b00000, 0x0000000083b00000|
|  40|0x0000000083c00000, 0x0000000083c00000, 0x0000000083d00000|  0%| F|  |TS  0|AC  0|TAMS 0x0000000083c00000, 0x0000000083c00000|
|  41|0x0000000083d00000, 0x0000000083d00000, 0x0000000083e00000|  0%| F|  |TS  0|AC  0|TAMS 0x0000000083d00000, 0x0000000083d00000|
|  42|0x0000000083e00000, 0x0000000083e00000, 0x0000000083f00000|  0%| F|  |TS  0|AC  0|TAMS 0x0000000083e00000, 0x0000000083e00000|
|  43|0x0000000083f00000, 0x0000000083f00000, 0x0000000084000000|  0%| F|  |TS  0|AC  0|TAMS 0x0000000083f00000, 0x0000000083f00000|
|  44|0x0000000084000000, 0x0000000084000000, 0x0000000084100000|  0%| F|  |TS  0|AC  0|TAMS 0x0000000084000000, 0x0000000084000000|
|  45|0x0000000084100000, 0x0000000084100000, 0x0000000084200000|  0%| F|  |TS  0|AC  0|TAMS 0x0000000084100000, 0x0000000084100000|
|  46|0x0000000084200000, 0x0000000084200000, 0x0000000084300000|  0%| F|  |TS  0|AC  0|TAMS 0x0000000084200000, 0x0000000084200000|
|  47|0x0000000084300000, 0x0000000084300000, 0x0000000084400000|  0%| F|  |TS  0|AC  0|TAMS 0x0000000084300000, 0x0000000084300000|
|  48|0x0000000084400000, 0x0000000084400000, 0x0000000084500000|  0%| F|  |TS  0|AC  0|TAMS 0x0000000084400000, 0x0000000084400000|
|  49|0x0000000084500000, 0x0000000084500000, 0x0000000084600000|  0%| F|  |TS  0|AC  0|TAMS 0x0000000084500000, 0x0000000084500000|
|  50|0x0000000084600000, 0x0000000084600000, 0x0000000084700000|  0%| F|  |TS  0|AC  0|TAMS 0x0000000084600000, 0x0000000084600000|
|  51|0x0000000084700000, 0x0000000084700000, 0x0000000084800000|  0%| F|  |TS  0|AC  0|TAMS 0x0000000084700000, 0x0000000084700000|
|  52|0x0000000084800000, 0x0000000084800000, 0x0000000084900000|  0%| F|  |TS  0|AC  0|TAMS 0x0000000084800000, 0x0000000084800000|
|  53|0x0000000084900000, 0x0000000084900000, 0x0000000084a00000|  0%| F|  |TS  0|AC  0|TAMS 0x0000000084900000, 0x0000000084900000|
|  54|0x0000000084a00000, 0x0000000084a00000, 0x0000000084b00000|  0%| F|  |TS  0|AC  0|TAMS 0x0000000084a00000, 0x0000000084a00000|
|  55|0x0000000084b00000, 0x0000000084b00000, 0x0000000084c00000|  0%| F|  |TS  0|AC  0|TAMS 0x0000000084b00000, 0x0000000084b00000|
|  56|0x0000000084c00000, 0x0000000084c00000, 0x0000000084d00000|  0%| F|  |TS  0|AC  0|TAMS 0x0000000084c00000, 0x0000000084c00000|
|  57|0x0000000084d00000, 0x0000000084d00000, 0x0000000084e00000|  0%| F|  |TS  0|AC  0|TAMS 0x0000000084d00000, 0x0000000084d00000|
|  58|0x0000000084e00000, 0x0000000084e00000, 0x0000000084f00000|  0%| F|  |TS  0|AC  0|TAMS 0x0000000084e00000, 0x0000000084e00000|
|  59|0x0000000084f00000, 0x0000000084f00000, 0x0000000085000000|  0%| F|  |TS  0|AC  0|TAMS 0x0000000084f00000, 0x0000000084f00000|
|  60|0x0000000085000000, 0x0000000085000000, 0x0000000085100000|  0%| F|  |TS  0|AC  0|TAMS 0x0000000085000000, 0x0000000085000000|
|  61|0x0000000085100000, 0x0000000085100000, 0x0000000085200000|  0%| F|  |TS  0|AC  0|TAMS 0x0000000085100000, 0x0000000085100000|
|  62|0x0000000085200000, 0x0000000085200000, 0x0000000085300000|  0%| F|  |TS  0|AC  0|TAMS 0x0000000085200000, 0x0000000085200000|
|  63|0x0000000085300000, 0x0000000085300000, 0x0000000085400000|  0%| F|  |TS  0|AC  0|TAMS 0x0000000085300000, 0x0000000085300000|
|  64|0x0000000085400000, 0x0000000085400000, 0x0000000085500000|  0%| F|  |TS  0|AC  0|TAMS 0x0000000085400000, 0x0000000085400000|
|  65|0x0000000085500000, 0x0000000085500000, 0x0000000085600000|  0%| F|  |TS  0|AC  0|TAMS 0x0000000085500000, 0x0000000085500000|
|  66|0x0000000085600000, 0x0000000085600000, 0x0000000085700000|  0%| F|  |TS  0|AC  0|TAMS 0x0000000085600000, 0x0000000085600000|
|  67|0x0000000085700000, 0x0000000085700000, 0x0000000085800000|  0%| F|  |TS  0|AC  0|TAMS 0x0000000085700000, 0x0000000085700000|
|  68|0x0000000085800000, 0x0000000085800000, 0x0000000085900000|  0%| F|  |TS  0|AC  0|TAMS 0x0000000085800000, 0x0000000085800000|
|  69|0x0000000085900000, 0x0000000085900000, 0x0000000085a00000|  0%| F|  |TS  0|AC  0|TAMS 0x0000000085900000, 0x0000000085900000|
|  70|0x0000000085a00000, 0x0000000085a00000, 0x0000000085b00000|  0%| F|  |TS  0|AC  0|TAMS 0x0000000085a00000, 0x0000000085a00000|
|  71|0x0000000085b00000, 0x0000000085b00000, 0x0000000085c00000|  0%| F|  |TS  0|AC  0|TAMS 0x0000000085b00000, 0x0000000085b00000|
|  72|0x0000000085c00000, 0x0000000085c00000, 0x0000000085d00000|  0%| F|  |TS  0|AC  0|TAMS 0x0000000085c00000, 0x0000000085c00000|
|  73|0x0000000085d00000, 0x0000000085d00000, 0x0000000085e00000|  0%| F|  |TS  0|AC  0|TAMS 0x0000000085d00000, 0x0000000085d00000|
|  74|0x0000000085e00000, 0x0000000085e00000, 0x0000000085f00000|  0%| F|  |TS  0|AC  0|TAMS 0x0000000085e00000, 0x0000000085e00000|
|  75|0x0000000085f00000, 0x0000000085f00000, 0x0000000086000000|  0%| F|  |TS  0|AC  0|TAMS 0x0000000085f00000, 0x0000000085f00000|
|  76|0x0000000086000000, 0x0000000086000000, 0x0000000086100000|  0%| F|  |TS  0|AC  0|TAMS 0x0000000086000000, 0x0000000086000000|
|  77|0x0000000086100000, 0x0000000086100000, 0x0000000086200000|  0%| F|  |TS  0|AC  0|TAMS 0x0000000086100000, 0x0000000086100000|
|  78|0x0000000086200000, 0x0000000086200000, 0x0000000086300000|  0%| F|  |TS  0|AC  0|TAMS 0x0000000086200000, 0x0000000086200000|
|  79|0x0000000086300000, 0x0000000086300000, 0x0000000086400000|  0%| F|  |TS  0|AC  0|TAMS 0x0000000086300000, 0x0000000086300000|
|  80|0x0000000086400000, 0x0000000086400000, 0x0000000086500000|  0%| F|  |TS  0|AC  0|TAMS 0x0000000086400000, 0x0000000086400000|
|  81|0x0000000086500000, 0x0000000086500000, 0x0000000086600000|  0%| F|  |TS  0|AC  0|TAMS 0x0000000086500000, 0x0000000086500000|
|  82|0x0000000086600000, 0x0000000086600000, 0x0000000086700000|  0%| F|  |TS  0|AC  0|TAMS 0x0000000086600000, 0x0000000086600000|
|  83|0x0000000086700000, 0x0000000086700000, 0x0000000086800000|  0%| F|  |TS  0|AC  0|TAMS 0x0000000086700000, 0x0000000086700000|
|  84|0x0000000086800000, 0x0000000086800000, 0x0000000086900000|  0%| F|  |TS  0|AC  0|TAMS 0x0000000086800000, 0x0000000086800000|
|  85|0x0000000086900000, 0x0000000086900000, 0x0000000086a00000|  0%| F|  |TS  0|AC  0|TAMS 0x0000000086900000, 0x0000000086900000|
|  86|0x0000000086a00000, 0x0000000086a00000, 0x0000000086b00000|  0%| F|  |TS  0|AC  0|TAMS 0x0000000086a00000, 0x0000000086a00000|
|  87|0x0000000086b00000, 0x0000000086b00000, 0x0000000086c00000|  0%| F|  |TS  0|AC  0|TAMS 0x0000000086b00000, 0x0000000086b00000|
|  88|0x0000000086c00000, 0x0000000086c00000, 0x0000000086d00000|  0%| F|  |TS  0|AC  0|TAMS 0x0000000086c00000, 0x0000000086c00000|
|  89|0x0000000086d00000, 0x0000000086d00000, 0x0000000086e00000|  0%| F|  |TS  0|AC  0|TAMS 0x0000000086d00000, 0x0000000086d00000|
|  90|0x0000000086e00000, 0x0000000086e00000, 0x0000000086f00000|  0%| F|  |TS  0|AC  0|TAMS 0x0000000086e00000, 0x0000000086e00000|
|  91|0x0000000086f00000, 0x0000000086f00000, 0x0000000087000000|  0%| F|  |TS  0|AC  0|TAMS 0x0000000086f00000, 0x0000000086f00000|
|  92|0x0000000087000000, 0x0000000087000000, 0x0000000087100000|  0%| F|  |TS  0|AC  0|TAMS 0x0000000087000000, 0x0000000087000000|
|  93|0x0000000087100000, 0x0000000087100000, 0x0000000087200000|  0%| F|  |TS  0|AC  0|TAMS 0x0000000087100000, 0x0000000087100000|
|  94|0x0000000087200000, 0x0000000087200000, 0x0000000087300000|  0%| F|  |TS  0|AC  0|TAMS 0x0000000087200000, 0x0000000087200000|
|  95|0x0000000087300000, 0x0000000087300000, 0x0000000087400000|  0%| F|  |TS  0|AC  0|TAMS 0x0000000087300000, 0x0000000087300000|
|  96|0x0000000087400000, 0x0000000087400000, 0x0000000087500000|  0%| F|  |TS  0|AC  0|TAMS 0x0000000087400000, 0x0000000087400000|
|  97|0x0000000087500000, 0x0000000087500000, 0x0000000087600000|  0%| F|  |TS  0|AC  0|TAMS 0x0000000087500000, 0x0000000087500000|
|  98|0x0000000087600000, 0x0000000087600000, 0x0000000087700000|  0%| F|  |TS  0|AC  0|TAMS 0x0000000087600000, 0x0000000087600000|
|  99|0x0000000087700000, 0x0000000087700000, 0x0000000087800000|  0%| F|  |TS  0|AC  0|TAMS 0x0000000087700000, 0x0000000087700000|
| 100|0x0000000087800000, 0x0000000087800000, 0x0000000087900000|  0%| F|  |TS  0|AC  0|TAMS 0x0000000087800000, 0x0000000087800000|
| 101|0x0000000087900000, 0x0000000087900000, 0x0000000087a00000|  0%| F|  |TS  0|AC  0|TAMS 0x0000000087900000, 0x0000000087900000|
| 102|0x0000000087a00000, 0x0000000087a00000, 0x0000000087b00000|  0%| F|  |TS  0|AC  0|TAMS 0x0000000087a00000, 0x0000000087a00000|
| 103|0x0000000087b00000, 0x0000000087b00000, 0x0000000087c00000|  0%| F|  |TS  0|AC  0|TAMS 0x0000000087b00000, 0x0000000087b00000|
| 104|0x0000000087c00000, 0x0000000087c00000, 0x0000000087d00000|  0%| F|  |TS  0|AC  0|TAMS 0x0000000087c00000, 0x0000000087c00000|
| 105|0x0000000087d00000, 0x0000000087d00000, 0x0000000087e00000|  0%| F|  |TS  0|AC  0|TAMS 0x0000000087d00000, 0x0000000087d00000|
| 106|0x0000000087e00000, 0x0000000087e00000, 0x0000000087f00000|  0%| F|  |TS  0|AC  0|TAMS 0x0000000087e00000, 0x0000000087e00000|
| 107|0x0000000087f00000, 0x0000000087f00000, 0x0000000088000000|  0%| F|  |TS  0|AC  0|TAMS 0x0000000087f00000, 0x0000000087f00000|
| 108|0x0000000088000000, 0x0000000088000000, 0x0000000088100000|  0%| F|  |TS  0|AC  0|TAMS 0x0000000088000000, 0x0000000088000000|
| 109|0x0000000088100000, 0x0000000088100000, 0x0000000088200000|  0%| F|  |TS  0|AC  0|TAMS 0x0000000088100000, 0x0000000088100000|
| 110|0x0000000088200000, 0x0000000088200000, 0x0000000088300000|  0%| F|  |TS  0|AC  0|TAMS 0x0000000088200000, 0x0000000088200000|
| 111|0x0000000088300000, 0x0000000088300000, 0x0000000088400000|  0%| F|  |TS  0|AC  0|TAMS 0x0000000088300000, 0x0000000088300000|
| 112|0x0000000088400000, 0x0000000088400000, 0x0000000088500000|  0%| F|  |TS  0|AC  0|TAMS 0x0000000088400000, 0x0000000088400000|
| 113|0x0000000088500000, 0x0000000088500000, 0x0000000088600000|  0%| F|  |TS  0|AC  0|TAMS 0x0000000088500000, 0x0000000088500000|
| 114|0x0000000088600000, 0x0000000088600000, 0x0000000088700000|  0%| F|  |TS  0|AC  0|TAMS 0x0000000088600000, 0x0000000088600000|
| 115|0x0000000088700000, 0x0000000088700000, 0x0000000088800000|  0%| F|  |TS  0|AC  0|TAMS 0x0000000088700000, 0x0000000088700000|
| 116|0x0000000088800000, 0x0000000088800000, 0x0000000088900000|  0%| F|  |TS  0|AC  0|TAMS 0x0000000088800000, 0x0000000088800000|
| 117|0x0000000088900000, 0x0000000088900000, 0x0000000088a00000|  0%| F|  |TS  0|AC  0|TAMS 0x0000000088900000, 0x0000000088900000|
| 118|0x0000000088a00000, 0x0000000088a00000, 0x0000000088b00000|  0%| F|  |TS  0|AC  0|TAMS 0x0000000088a00000, 0x0000000088a00000|
| 119|0x0000000088b00000, 0x0000000088b00000, 0x0000000088c00000|  0%| F|  |TS  0|AC  0|TAMS 0x0000000088b00000, 0x0000000088b00000|
| 120|0x0000000088c00000, 0x0000000088c00000, 0x0000000088d00000|  0%| F|  |TS  0|AC  0|TAMS 0x0000000088c00000, 0x0000000088c00000|
| 121|0x0000000088d00000, 0x0000000088d00000, 0x0000000088e00000|  0%| F|  |TS  0|AC  0|TAMS 0x0000000088d00000, 0x0000000088d00000|
| 122|0x0000000088e00000, 0x0000000088e00000, 0x0000000088f00000|  0%| F|  |TS  0|AC  0|TAMS 0x0000000088e00000, 0x0000000088e00000|
| 123|0x0000000088f00000, 0x0000000088ff64e8, 0x0000000089000000| 96%| E|  |TS  0|AC  0|TAMS 0x0000000088f00000, 0x0000000088f00000|
| 124|0x0000000089000000, 0x0000000089100000, 0x0000000089100000|100%| E|CS|TS  0|AC  0|TAMS 0x0000000089000000, 0x0000000089000000|
| 125|0x0000000089100000, 0x0000000089200000, 0x0000000089200000|100%| E|CS|TS  0|AC  0|TAMS 0x0000000089100000, 0x0000000089100000|
| 126|0x0000000089200000, 0x0000000089300000, 0x0000000089300000|100%| E|CS|TS  0|AC  0|TAMS 0x0000000089200000, 0x0000000089200000|
| 127|0x0000000089300000, 0x0000000089400000, 0x0000000089400000|100%| E|CS|TS  0|AC  0|TAMS 0x0000000089300000, 0x0000000089300000|

Card table byte_map: [0x000002b4718e0000,0x000002b471ce0000] byte_map_base: 0x000002b4714d6000

Marking Bits (Prev, Next): (CMBitMap*) 0x000002b455735f90, (CMBitMap*) 0x000002b455735fc8
 Prev Bits: [0x000002b4720e0000, 0x000002b474090000)
 Next Bits: [0x000002b474090000, 0x000002b476040000)

Polling page: 0x000002b455900000

CodeHeap 'non-profiled nmethods': size=120000Kb used=73Kb max_used=73Kb free=119926Kb
 bounds [0x000002b469150000, 0x000002b4693c0000, 0x000002b470680000]
CodeHeap 'profiled nmethods': size=120000Kb used=295Kb max_used=295Kb free=119704Kb
 bounds [0x000002b461c20000, 0x000002b461e90000, 0x000002b469150000]
CodeHeap 'non-nmethods': size=5760Kb used=1189Kb max_used=1201Kb free=4570Kb
 bounds [0x000002b461680000, 0x000002b4618f0000, 0x000002b461c20000]
 total_blobs=639 nmethods=241 adapters=243
 compilation: enabled

Compilation events (10 events):
Event: 0.339 Thread 0x000002b479368800  237       3       java.lang.invoke.MethodType::parameterType (7 bytes)
Event: 0.339 Thread 0x000002b479368800 nmethod 237 0x000002b461c68290 code [0x000002b461c68440, 0x000002b461c685b8]
Event: 0.340 Thread 0x000002b479368800  239   !   3       sun.instrument.TransformerManager::transform (100 bytes)
Event: 0.340 Thread 0x000002b479368800 nmethod 239 0x000002b461c68690 code [0x000002b461c68860, 0x000002b461c68d70]
Event: 0.340 Thread 0x000002b479368800  238       3       sun.instrument.InstrumentationImpl::transform (73 bytes)
Event: 0.341 Thread 0x000002b479368800 nmethod 238 0x000002b461c69010 code [0x000002b461c691e0, 0x000002b461c69710]
Event: 0.341 Thread 0x000002b479368800  240       1       java.nio.Buffer::position (5 bytes)
Event: 0.341 Thread 0x000002b479368800 nmethod 240 0x000002b469162390 code [0x000002b469162540, 0x000002b469162658]
Event: 185.452 Thread 0x000002b479368800  241       3       java.lang.StringUTF16::length (5 bytes)
Event: 185.453 Thread 0x000002b479368800 nmethod 241 0x000002b461c69910 code [0x000002b461c69ac0, 0x000002b461c69bf8]

GC Heap History (0 events):
No events

Deoptimization events (1 events):
Event: 0.299 Thread 0x000002b4556b4800 Uncommon trap: reason=unstable_if action=reinterpret pc=0x000002b46915ab7c method=java.lang.String.charAt(I)C @ 4 c2

Classes redefined (3 events):
Event: 858.080 Thread 0x000002b4792e4800 redefined class name=de.uniwue.jpp.fractions.Parser, count=1
Event: 896.766 Thread 0x000002b4792e4800 redefined class name=de.uniwue.jpp.fractions.Parser, count=2
Event: 1348.309 Thread 0x000002b4792e4800 redefined class name=de.uniwue.jpp.fractions.Parser, count=3

Internal exceptions (0 events):
No events

Events (10 events):
Event: 1348.387 Executing VM operation: GetFrameCount done
Event: 1348.387 Executing VM operation: GetFrameLocation
Event: 1348.387 Executing VM operation: GetFrameLocation done
Event: 1348.388 Executing VM operation: GetFrameCount
Event: 1348.388 Executing VM operation: GetFrameCount done
Event: 1348.388 Executing VM operation: GetFrameLocation
Event: 1348.388 Executing VM operation: GetFrameLocation done
Event: 1348.389 Executing VM operation: GetFrameLocation
Event: 1348.389 Executing VM operation: GetFrameLocation done
Event: 1348.397 Executing VM operation: GetOrSetLocal


Dynamic libraries:
0x00007ff79e280000 - 0x00007ff79e2be000 	C:\Program Files\Java\jdk-9.0.4\bin\java.exe
0x00007fff02470000 - 0x00007fff02650000 	C:\WINDOWS\SYSTEM32\ntdll.dll
0x00007fff01770000 - 0x00007fff0181e000 	C:\WINDOWS\System32\KERNEL32.DLL
0x00007ffeff5a0000 - 0x00007ffeff806000 	C:\WINDOWS\System32\KERNELBASE.dll
0x00007fff013a0000 - 0x00007fff01441000 	C:\WINDOWS\System32\ADVAPI32.dll
0x00007fff02320000 - 0x00007fff023bd000 	C:\WINDOWS\System32\msvcrt.dll
0x00007fff01710000 - 0x00007fff0176b000 	C:\WINDOWS\System32\sechost.dll
0x00007fff015f0000 - 0x00007fff0170f000 	C:\WINDOWS\System32\RPCRT4.dll
0x00007fff02090000 - 0x00007fff0221f000 	C:\WINDOWS\System32\USER32.dll
0x00007ffefea40000 - 0x00007ffefea60000 	C:\WINDOWS\System32\win32u.dll
0x00007fff022f0000 - 0x00007fff02318000 	C:\WINDOWS\System32\GDI32.dll
0x00007ffefec50000 - 0x00007ffefede3000 	C:\WINDOWS\System32\gdi32full.dll
0x00007ffefea60000 - 0x00007ffefeafb000 	C:\WINDOWS\System32\msvcp_win.dll
0x00007ffefeb50000 - 0x00007ffefec46000 	C:\WINDOWS\System32\ucrtbase.dll
0x00007ffeeeff0000 - 0x00007ffeef259000 	C:\WINDOWS\WinSxS\amd64_microsoft.windows.common-controls_6595b64144ccf1df_6.0.16299.248_none_15ced204935f55d7\COMCTL32.dll
0x00007ffeef9a0000 - 0x00007ffeef9aa000 	C:\WINDOWS\SYSTEM32\VERSION.dll
0x00007fff01820000 - 0x00007fff01b28000 	C:\WINDOWS\System32\combase.dll
0x00007ffeff810000 - 0x00007ffeff882000 	C:\WINDOWS\System32\bcryptPrimitives.dll
0x00007fff02060000 - 0x00007fff0208d000 	C:\WINDOWS\System32\IMM32.DLL
0x00000000546b0000 - 0x00000000546e9000 	C:\PROGRA~2\Sophos\SOPHOS~1\SOPHOS~2.DLL
0x00007fff01fc0000 - 0x00007fff01fc8000 	C:\WINDOWS\System32\PSAPI.DLL
0x00007ffed2480000 - 0x00007ffed256f000 	C:\Program Files\Java\jdk-9.0.4\bin\msvcr120.dll
0x00007ffed23d0000 - 0x00007ffed2476000 	C:\Program Files\Java\jdk-9.0.4\bin\msvcp120.dll
0x0000000050190000 - 0x0000000050bb5000 	C:\Program Files\Java\jdk-9.0.4\bin\server\jvm.dll
0x00007ffee6070000 - 0x00007ffee6079000 	C:\WINDOWS\SYSTEM32\WSOCK32.dll
0x00007ffef6e30000 - 0x00007ffef6e53000 	C:\WINDOWS\SYSTEM32\WINMM.dll
0x00007ffeffef0000 - 0x00007ffefff5c000 	C:\WINDOWS\System32\WS2_32.dll
0x00007ffef6dd0000 - 0x00007ffef6dfa000 	C:\WINDOWS\SYSTEM32\winmmbase.dll
0x00007ffefeb00000 - 0x00007ffefeb4a000 	C:\WINDOWS\System32\cfgmgr32.dll
0x00007ffefad60000 - 0x00007ffefad6f000 	C:\Program Files\Java\jdk-9.0.4\bin\verify.dll
0x00007ffedd820000 - 0x00007ffedd847000 	C:\Program Files\Java\jdk-9.0.4\bin\java.dll
0x00007ffed5180000 - 0x00007ffed51b6000 	C:\Program Files\Java\jdk-9.0.4\bin\jdwp.dll
0x00007ffed4860000 - 0x00007ffed488a000 	C:\Program Files\Java\jdk-9.0.4\bin\instrument.dll
0x00007ffef9be0000 - 0x00007ffef9bf6000 	C:\Program Files\Java\jdk-9.0.4\bin\zip.dll
0x00007ffef9e20000 - 0x00007ffef9e2a000 	C:\Program Files\Java\jdk-9.0.4\bin\jimage.dll
0x00007ffefff60000 - 0x00007fff01396000 	C:\WINDOWS\System32\SHELL32.dll
0x00007ffeffd90000 - 0x00007ffeffe36000 	C:\WINDOWS\System32\shcore.dll
0x00007ffefedf0000 - 0x00007ffeff537000 	C:\WINDOWS\System32\windows.storage.dll
0x00007fff01b30000 - 0x00007fff01b81000 	C:\WINDOWS\System32\shlwapi.dll
0x00007ffefe800000 - 0x00007ffefe811000 	C:\WINDOWS\System32\kernel.appcore.dll
0x00007ffefe820000 - 0x00007ffefe86c000 	C:\WINDOWS\System32\powrprof.dll
0x00007ffefe7c0000 - 0x00007ffefe7db000 	C:\WINDOWS\System32\profapi.dll
0x00007ffedc100000 - 0x00007ffedc11a000 	C:\Program Files\Java\jdk-9.0.4\bin\net.dll
0x00007ffefabf0000 - 0x00007ffefacce000 	C:\WINDOWS\SYSTEM32\WINHTTP.dll
0x00007ffefe050000 - 0x00007ffefe0b6000 	C:\WINDOWS\system32\mswsock.dll
0x00007ffedc0c0000 - 0x00007ffedc0d1000 	C:\Program Files\Java\jdk-9.0.4\bin\nio.dll
0x00007ffef5760000 - 0x00007ffef576a000 	C:\Program Files\Java\jdk-9.0.4\bin\dt_socket.dll
0x00007ffef98e0000 - 0x00007ffef9aa8000 	C:\WINDOWS\SYSTEM32\dbghelp.dll

VM Arguments:
jvm_args: -agentlib:jdwp=transport=dt_socket,address=127.0.0.1:50887,suspend=y,server=n -javaagent:C:\Users\Steffi\.IdeaIC2017.3\system\captureAgent\debugger-agent.jar=C:\Users\Steffi\AppData\Local\Temp\capture113.props -Dfile.encoding=UTF-8 
java_command: de.uniwue.jpp.fractions.Parser
java_class_path (initial): C:\Users\Steffi\IdeaProjects\untitled\out\production\untitled;C:\Program Files\JetBrains\IntelliJ IDEA Community Edition 2017.3.4\lib\idea_rt.jar
Launcher Type: SUN_STANDARD

Logging:
Log output configuration:
#0: stdout all=warning uptime,level,tags
#1: stderr all=off uptime,level,tags

Environment Variables:
PATH=C:\ProgramData\Oracle\Java\javapath;C:\Program Files (x86)\Razer Chroma SDK\bin;C:\Program Files\Razer Chroma SDK\bin;C:\Program Files (x86)\Intel\iCLS Client\;C:\Program Files\Intel\iCLS Client\;C:\Windows\system32;C:\Windows;C:\Windows\System32\Wbem;C:\Windows\System32\WindowsPowerShell\v1.0\;C:\Program Files\Intel\Intel(R) Management Engine Components\DAL;C:\Program Files\Intel\Intel(R) Management Engine Components\IPT;C:\Program Files (x86)\Intel\Intel(R) Management Engine Components\DAL;C:\Program Files (x86)\Intel\Intel(R) Management Engine Components\IPT;C:\Program Files (x86)\NVIDIA Corporation\PhysX\Common;C:\WINDOWS\system32;C:\WINDOWS;C:\WINDOWS\System32\Wbem;C:\WINDOWS\System32\WindowsPowerShell\v1.0\;C:\Program Files (x86)\Windows Kits\8.1\Windows Performance Toolkit\;C:\Program Files\Microsoft SQL Server\110\Tools\Binn\;C:\Users\Steffi\AppData\Local\Microsoft\WindowsApps;C:\Program Files (x86)\Skype\Phone\;C:\WINDOWS\system32;C:\WINDOWS;C:\WINDOWS\System32\Wbem;C:\WINDOWS\System32\WindowsPowerShell\v1.0\;C:\Program Files\SlikSvn\bin;C:\Program Files (x86)\Git\cmd;C:\Program Files (x86)\GitExtensions\;C:\Users\Steffi\AppData\Local\Microsoft\WindowsApps;
USERNAME=Steffi
OS=Windows_NT
PROCESSOR_IDENTIFIER=Intel64 Family 6 Model 60 Stepping 3, GenuineIntel



---------------  S Y S T E M  ---------------

OS: Windows 10 , 64 bit Build 16299 (10.0.16299.15)

CPU:total 8 (initial active 8) (4 cores per cpu, 2 threads per core) family 6 model 60 stepping 3, cmov, cx8, fxsr, mmx, sse, sse2, sse3, ssse3, sse4.1, sse4.2, popcnt, avx, avx2, aes, clmul, erms, lzcnt, ht, tsc, tscinvbit, bmi1, bmi2, fma

Memory: 4k page, physical 8302956k(1540492k free), swap 13932396k(1624708k free)

vm_info: Java HotSpot(TM) 64-Bit Server VM (9.0.4+11) for windows-amd64 JRE (9.0.4+11), built on Dec 20 2017 02:18:54 by "mach5one" with MS VC++ 12.0 (VS2013)

END.
